<?xml version="1.0" encoding="UTF-8"?>
<!-- Generated by org.testng.reporters.JUnitReportReporter -->
<testsuite skipped="0" hostname="DESKTOP-MDDLMQ2" name="com.stylopay.MMAdmin.testCases.forgotPassword.MMAdmin_TC_2_019_ResetPwd_EnterProperPwdAndCorrectOTP" tests="1" failures="0" timestamp="19 May 2022 03:59:11 GMT" time="14.752" errors="0">
  <testcase name="MMAdmin_TC_2_021" time="14.752" classname="com.stylopay.MMAdmin.testCases.forgotPassword.MMAdmin_TC_2_019_ResetPwd_EnterProperPwdAndCorrectOTP"/>
</testsuite> <!-- com.stylopay.MMAdmin.testCases.forgotPassword.MMAdmin_TC_2_019_ResetPwd_EnterProperPwdAndCorrectOTP -->
