<?xml version="1.0" encoding="UTF-8"?>
<!-- Generated by org.testng.reporters.JUnitReportReporter -->
<testsuite skipped="0" hostname="DESKTOP-MDDLMQ2" name="com.stylopay.MMAdmin.testCases.login.MMAdmin_TC_1_004_Login_EmailFieldValidation" tests="1" failures="0" timestamp="21 Jun 2022 12:18:26 GMT" time="0.951" errors="0">
  <testcase name="MMAdmin_TC_1_004" time="0.951" classname="com.stylopay.MMAdmin.testCases.login.MMAdmin_TC_1_004_Login_EmailFieldValidation"/>
</testsuite> <!-- com.stylopay.MMAdmin.testCases.login.MMAdmin_TC_1_004_Login_EmailFieldValidation -->
