<?xml version="1.0" encoding="UTF-8"?>
<!-- Generated by org.testng.reporters.JUnitReportReporter -->
<testsuite skipped="0" hostname="DESKTOP-MDDLMQ2" name="com.stylopay.MMAdmin.testCases.forgotPassword.MMAdmin_TC_2_020_ResetPwd_EnterProperPwdAndCorrectOTP" tests="1" failures="0" timestamp="21 Jun 2022 12:18:26 GMT" time="40.961" errors="0">
  <testcase name="MMAdmin_TC_2_020" time="40.961" classname="com.stylopay.MMAdmin.testCases.forgotPassword.MMAdmin_TC_2_020_ResetPwd_EnterProperPwdAndCorrectOTP"/>
</testsuite> <!-- com.stylopay.MMAdmin.testCases.forgotPassword.MMAdmin_TC_2_020_ResetPwd_EnterProperPwdAndCorrectOTP -->
