<?xml version="1.0" encoding="UTF-8"?>
<!-- Generated by org.testng.reporters.JUnitReportReporter -->
<testsuite skipped="0" hostname="DESKTOP-MDDLMQ2" name="com.stylopay.MMAdmin.testCases.login.MMAdmin_TC_002_Login_LoginWithInvalidEmail" tests="1" failures="0" timestamp="01 May 2022 15:36:02 GMT" time="1.811" errors="0">
  <testcase name="MMAdmin_TC_002" time="1.811" classname="com.stylopay.MMAdmin.testCases.login.MMAdmin_TC_002_Login_LoginWithInvalidEmail"/>
</testsuite> <!-- com.stylopay.MMAdmin.testCases.login.MMAdmin_TC_002_Login_LoginWithInvalidEmail -->
