<?xml version="1.0" encoding="UTF-8"?>
<!-- Generated by org.testng.reporters.JUnitReportReporter -->
<testsuite skipped="0" hostname="DESKTOP-MDDLMQ2" name="com.stylopay.MMAdmin.testCases.dashboard.MMAdmin_TC_3_002_Dashboard_ClickUserAccLogo" tests="1" failures="0" timestamp="21 Jun 2022 12:18:26 GMT" time="3.573" errors="0">
  <testcase name="MMAdmin_TC_3_002" time="3.573" classname="com.stylopay.MMAdmin.testCases.dashboard.MMAdmin_TC_3_002_Dashboard_ClickUserAccLogo"/>
</testsuite> <!-- com.stylopay.MMAdmin.testCases.dashboard.MMAdmin_TC_3_002_Dashboard_ClickUserAccLogo -->
