<?xml version="1.0" encoding="UTF-8"?>
<!-- Generated by org.testng.reporters.JUnitReportReporter -->
<testsuite skipped="0" hostname="DESKTOP-MDDLMQ2" name="com.stylopay.MMAdmin.testCases.login.MMAdmin_TC_1_006_Login_CheckPasswordMasking" tests="1" failures="0" timestamp="21 Jun 2022 12:18:26 GMT" time="0.245" errors="0">
  <testcase name="MMAdmin_TC_1_006" time="0.245" classname="com.stylopay.MMAdmin.testCases.login.MMAdmin_TC_1_006_Login_CheckPasswordMasking"/>
</testsuite> <!-- com.stylopay.MMAdmin.testCases.login.MMAdmin_TC_1_006_Login_CheckPasswordMasking -->
