<?xml version="1.0" encoding="UTF-8"?>
<!-- Generated by org.testng.reporters.JUnitReportReporter -->
<testsuite skipped="0" hostname="DESKTOP-MDDLMQ2" name="com.stylopay.MMAdmin.testCases.login.MMAdmin_TC_009_Login_LoginWithCorrectEmailAndPwd" tests="1" failures="0" timestamp="01 May 2022 15:38:03 GMT" time="6.751" errors="0">
  <testcase name="MMAdmin_TC_009" time="6.751" classname="com.stylopay.MMAdmin.testCases.login.MMAdmin_TC_009_Login_LoginWithCorrectEmailAndPwd"/>
</testsuite> <!-- com.stylopay.MMAdmin.testCases.login.MMAdmin_TC_009_Login_LoginWithCorrectEmailAndPwd -->
