<?xml version="1.0" encoding="UTF-8"?>
<!-- Generated by org.testng.reporters.JUnitReportReporter -->
<testsuite skipped="0" hostname="DESKTOP-MDDLMQ2" name="com.stylopay.MMAdmin.testCases.dashboard.MMAdmin_TC_3_002_Dashboard_ClickUserAccLogo" tests="1" failures="0" timestamp="2022-06-23T21:23:37 IST" time="3.423" errors="0">
  <testcase name="MMAdmin_TC_3_002" time="3.423" classname="com.stylopay.MMAdmin.testCases.dashboard.MMAdmin_TC_3_002_Dashboard_ClickUserAccLogo"/>
  <system-out/>
</testsuite> <!-- com.stylopay.MMAdmin.testCases.dashboard.MMAdmin_TC_3_002_Dashboard_ClickUserAccLogo -->
