<?xml version="1.0" encoding="UTF-8"?>
<!-- Generated by org.testng.reporters.JUnitReportReporter -->
<testsuite skipped="0" hostname="DESKTOP-MDDLMQ2" name="com.stylopay.MMAdmin.testCases.dashboard.MMAdmin_TC_3_003_Dashboard_CheckPrefundBal" tests="1" failures="0" timestamp="2022-06-23T21:23:37 IST" time="5.602" errors="0">
  <testcase name="MMAdmin_TC_3_003" time="5.602" classname="com.stylopay.MMAdmin.testCases.dashboard.MMAdmin_TC_3_003_Dashboard_CheckPrefundBal"/>
  <system-out/>
</testsuite> <!-- com.stylopay.MMAdmin.testCases.dashboard.MMAdmin_TC_3_003_Dashboard_CheckPrefundBal -->
